<?xml version="1.0" encoding="UTF-8"?>
<!-- Generated by org.testng.reporters.JUnitReportReporter -->
<testsuite hostname="DESKTOP-VB02CQD" failures="0" tests="1" name="clocksoftware.Tests.SubmitingOrderTest" time="18.749" errors="0" timestamp="2022-11-23T09:41:08 IST" skipped="0">
  <testcase classname="clocksoftware.Tests.SubmitingOrderTest" name="SubmitingOrderTest" time="18.749"/>
  <system-out/>
</testsuite> <!-- clocksoftware.Tests.SubmitingOrderTest -->
