<?xml version="1.0" encoding="UTF-8"?>
<!-- Generated by org.testng.reporters.JUnitReportReporter -->
<testsuite hostname="DESKTOP-VB02CQD" failures="0" tests="1" name="rajeshjavaproject.Tests.SubmitingOrderTest" time="7.492" errors="0" timestamp="2022-11-15T17:04:41 IST" skipped="0">
  <testcase classname="rajeshjavaproject.Tests.SubmitingOrderTest" name="SubmitingOrderTest" time="7.492"/>
  <system-out/>
</testsuite> <!-- rajeshjavaproject.Tests.SubmitingOrderTest -->
